<?xml version="1.0" encoding="UTF-8"?>
<<<<<<< HEAD
<testsuite xmlns:xsi="http://www.w3.org/2001/XMLSchema-instance" xsi:noNamespaceSchemaLocation="https://maven.apache.org/surefire/maven-surefire-plugin/xsd/surefire-test-report.xsd" name="TicketTests" time="0.058" tests="5" errors="0" skipped="0" failures="0">
=======
<testsuite xmlns:xsi="http://www.w3.org/2001/XMLSchema-instance" xsi:noNamespaceSchemaLocation="https://maven.apache.org/surefire/maven-surefire-plugin/xsd/surefire-test-report.xsd" name="TicketTests" time="0.116" tests="5" errors="0" skipped="0" failures="0">
>>>>>>> a2110d0d94c3224a8a7497a7a2cb235abf7808bc
  <properties>
    <property name="sun.desktop" value="windows"/>
    <property name="awt.toolkit" value="sun.awt.windows.WToolkit"/>
    <property name="file.encoding.pkg" value="sun.io"/>
    <property name="java.specification.version" value="1.8"/>
    <property name="sun.cpu.isalist" value="amd64"/>
    <property name="sun.jnu.encoding" value="Cp1252"/>
    <property name="java.class.path" value="D:\Revature\2004-apr06-java\Coaster_customer\target\test-classes;D:\Revature\2004-apr06-java\Coaster_customer\target\classes;C:\Users\Paityn\.m2\repository\org\json\json\20190722\json-20190722.jar;C:\Users\Paityn\.m2\repository\com\google\code\gson\gson\2.8.6\gson-2.8.6.jar;C:\Users\Paityn\.m2\repository\junit\junit\4.11\junit-4.11.jar;C:\Users\Paityn\.m2\repository\org\hamcrest\hamcrest-core\1.3\hamcrest-core-1.3.jar;C:\Users\Paityn\.m2\repository\javax\servlet\javax.servlet-api\3.1.0\javax.servlet-api-3.1.0.jar;C:\Users\Paityn\.m2\repository\org\mockito\mockito-core\3.3.3\mockito-core-3.3.3.jar;C:\Users\Paityn\.m2\repository\net\bytebuddy\byte-buddy\1.10.5\byte-buddy-1.10.5.jar;C:\Users\Paityn\.m2\repository\net\bytebuddy\byte-buddy-agent\1.10.5\byte-buddy-agent-1.10.5.jar;C:\Users\Paityn\.m2\repository\org\objenesis\objenesis\2.6\objenesis-2.6.jar;C:\Users\Paityn\.m2\repository\org\postgresql\postgresql\42.2.12\postgresql-42.2.12.jar;C:\Users\Paityn\.m2\repository\redis\clients\jedis\3.3.0\jedis-3.3.0.jar;C:\Users\Paityn\.m2\repository\org\slf4j\slf4j-api\1.7.30\slf4j-api-1.7.30.jar;C:\Users\Paityn\.m2\repository\org\apache\commons\commons-pool2\2.6.2\commons-pool2-2.6.2.jar;C:\Users\Paityn\.m2\repository\com\fasterxml\jackson\core\jackson-core\2.10.3\jackson-core-2.10.3.jar;C:\Users\Paityn\.m2\repository\com\fasterxml\jackson\core\jackson-databind\2.10.3\jackson-databind-2.10.3.jar;C:\Users\Paityn\.m2\repository\com\fasterxml\jackson\core\jackson-annotations\2.10.3\jackson-annotations-2.10.3.jar;"/>
    <property name="java.vm.vendor" value="Oracle Corporation"/>
    <property name="sun.arch.data.model" value="64"/>
    <property name="user.variant" value=""/>
    <property name="java.vendor.url" value="http://java.oracle.com/"/>
    <property name="user.timezone" value="America/New_York"/>
    <property name="java.vm.specification.version" value="1.8"/>
    <property name="os.name" value="Windows 10"/>
    <property name="user.country" value="US"/>
    <property name="sun.java.launcher" value="SUN_STANDARD"/>
<<<<<<< HEAD
    <property name="sun.boot.library.path" value="C:\Program Files\Java\jdk1.8.0_241\jre\bin"/>
    <property name="sun.java.command" value="C:\Users\Paityn\AppData\Local\Temp\surefire5994753716882899703\surefirebooter1544742731686269848.jar C:\Users\Paityn\AppData\Local\Temp\surefire5994753716882899703 2020-05-25T16-45-49_092-jvmRun1 surefire479350577953333592tmp surefire_02558739165136747554tmp"/>
    <property name="surefire.test.class.path" value="D:\Revature\2004-apr06-java\Coaster_customer\target\test-classes;D:\Revature\2004-apr06-java\Coaster_customer\target\classes;C:\Users\Paityn\.m2\repository\org\json\json\20190722\json-20190722.jar;C:\Users\Paityn\.m2\repository\com\google\code\gson\gson\2.8.6\gson-2.8.6.jar;C:\Users\Paityn\.m2\repository\junit\junit\4.11\junit-4.11.jar;C:\Users\Paityn\.m2\repository\org\hamcrest\hamcrest-core\1.3\hamcrest-core-1.3.jar;C:\Users\Paityn\.m2\repository\javax\servlet\javax.servlet-api\3.1.0\javax.servlet-api-3.1.0.jar;C:\Users\Paityn\.m2\repository\org\mockito\mockito-core\3.3.3\mockito-core-3.3.3.jar;C:\Users\Paityn\.m2\repository\net\bytebuddy\byte-buddy\1.10.5\byte-buddy-1.10.5.jar;C:\Users\Paityn\.m2\repository\net\bytebuddy\byte-buddy-agent\1.10.5\byte-buddy-agent-1.10.5.jar;C:\Users\Paityn\.m2\repository\org\objenesis\objenesis\2.6\objenesis-2.6.jar;C:\Users\Paityn\.m2\repository\org\postgresql\postgresql\42.2.12\postgresql-42.2.12.jar;C:\Users\Paityn\.m2\repository\redis\clients\jedis\3.3.0\jedis-3.3.0.jar;C:\Users\Paityn\.m2\repository\org\slf4j\slf4j-api\1.7.30\slf4j-api-1.7.30.jar;C:\Users\Paityn\.m2\repository\org\apache\commons\commons-pool2\2.6.2\commons-pool2-2.6.2.jar;C:\Users\Paityn\.m2\repository\com\fasterxml\jackson\core\jackson-core\2.10.3\jackson-core-2.10.3.jar;C:\Users\Paityn\.m2\repository\com\fasterxml\jackson\core\jackson-databind\2.10.3\jackson-databind-2.10.3.jar;C:\Users\Paityn\.m2\repository\com\fasterxml\jackson\core\jackson-annotations\2.10.3\jackson-annotations-2.10.3.jar;"/>
=======
    <property name="sun.boot.library.path" value="C:\Program Files\Java\jdk1.8.0_201\jre\bin"/>
    <property name="sun.java.command" value="C:\Users\Martinon\AppData\Local\Temp\surefire5691811612803325822\surefirebooter8500639458081509139.jar C:\Users\Martinon\AppData\Local\Temp\surefire5691811612803325822 2020-05-22T18-37-48_088-jvmRun1 surefire1789991245033972790tmp surefire_06787245130415071826tmp"/>
    <property name="surefire.test.class.path" value="C:\Users\Martinon\Documents\Revature\Training\2004-apr06-java\Coaster_customer\target\test-classes;C:\Users\Martinon\Documents\Revature\Training\2004-apr06-java\Coaster_customer\target\classes;C:\Users\Martinon\.m2\repository\org\json\json\20190722\json-20190722.jar;C:\Users\Martinon\.m2\repository\com\google\code\gson\gson\2.8.6\gson-2.8.6.jar;C:\Users\Martinon\.m2\repository\junit\junit\4.11\junit-4.11.jar;C:\Users\Martinon\.m2\repository\org\hamcrest\hamcrest-core\1.3\hamcrest-core-1.3.jar;C:\Users\Martinon\.m2\repository\javax\servlet\javax.servlet-api\3.1.0\javax.servlet-api-3.1.0.jar;C:\Users\Martinon\.m2\repository\org\mockito\mockito-core\3.3.3\mockito-core-3.3.3.jar;C:\Users\Martinon\.m2\repository\net\bytebuddy\byte-buddy\1.10.5\byte-buddy-1.10.5.jar;C:\Users\Martinon\.m2\repository\net\bytebuddy\byte-buddy-agent\1.10.5\byte-buddy-agent-1.10.5.jar;C:\Users\Martinon\.m2\repository\org\objenesis\objenesis\2.6\objenesis-2.6.jar;C:\Users\Martinon\.m2\repository\org\postgresql\postgresql\42.2.12\postgresql-42.2.12.jar;C:\Users\Martinon\.m2\repository\redis\clients\jedis\3.3.0\jedis-3.3.0.jar;C:\Users\Martinon\.m2\repository\org\slf4j\slf4j-api\1.7.30\slf4j-api-1.7.30.jar;C:\Users\Martinon\.m2\repository\org\apache\commons\commons-pool2\2.6.2\commons-pool2-2.6.2.jar;C:\Users\Martinon\.m2\repository\com\fasterxml\jackson\core\jackson-core\2.10.3\jackson-core-2.10.3.jar;C:\Users\Martinon\.m2\repository\com\fasterxml\jackson\core\jackson-databind\2.10.3\jackson-databind-2.10.3.jar;C:\Users\Martinon\.m2\repository\com\fasterxml\jackson\core\jackson-annotations\2.10.3\jackson-annotations-2.10.3.jar;"/>
>>>>>>> a2110d0d94c3224a8a7497a7a2cb235abf7808bc
    <property name="sun.cpu.endian" value="little"/>
    <property name="user.home" value="C:\Users\Paityn"/>
    <property name="user.language" value="en"/>
    <property name="java.specification.vendor" value="Oracle Corporation"/>
    <property name="java.home" value="C:\Program Files\Java\jdk1.8.0_241\jre"/>
    <property name="basedir" value="D:\Revature\2004-apr06-java\Coaster_customer"/>
    <property name="file.separator" value="\"/>
    <property name="line.separator" value="&#10;"/>
    <property name="java.vm.specification.vendor" value="Oracle Corporation"/>
    <property name="java.specification.name" value="Java Platform API Specification"/>
    <property name="java.awt.graphicsenv" value="sun.awt.Win32GraphicsEnvironment"/>
<<<<<<< HEAD
    <property name="idea.version2020.1.1" value="true"/>
    <property name="surefire.real.class.path" value="C:\Users\Paityn\AppData\Local\Temp\surefire5994753716882899703\surefirebooter1544742731686269848.jar"/>
    <property name="sun.boot.class.path" value="C:\Program Files\Java\jdk1.8.0_241\jre\lib\resources.jar;C:\Program Files\Java\jdk1.8.0_241\jre\lib\rt.jar;C:\Program Files\Java\jdk1.8.0_241\jre\lib\sunrsasign.jar;C:\Program Files\Java\jdk1.8.0_241\jre\lib\jsse.jar;C:\Program Files\Java\jdk1.8.0_241\jre\lib\jce.jar;C:\Program Files\Java\jdk1.8.0_241\jre\lib\charsets.jar;C:\Program Files\Java\jdk1.8.0_241\jre\lib\jfr.jar;C:\Program Files\Java\jdk1.8.0_241\jre\classes"/>
=======
    <property name="surefire.real.class.path" value="C:\Users\Martinon\AppData\Local\Temp\surefire5691811612803325822\surefirebooter8500639458081509139.jar"/>
    <property name="sun.boot.class.path" value="C:\Program Files\Java\jdk1.8.0_201\jre\lib\resources.jar;C:\Program Files\Java\jdk1.8.0_201\jre\lib\rt.jar;C:\Program Files\Java\jdk1.8.0_201\jre\lib\sunrsasign.jar;C:\Program Files\Java\jdk1.8.0_201\jre\lib\jsse.jar;C:\Program Files\Java\jdk1.8.0_201\jre\lib\jce.jar;C:\Program Files\Java\jdk1.8.0_201\jre\lib\charsets.jar;C:\Program Files\Java\jdk1.8.0_201\jre\lib\jfr.jar;C:\Program Files\Java\jdk1.8.0_201\jre\classes"/>
>>>>>>> a2110d0d94c3224a8a7497a7a2cb235abf7808bc
    <property name="user.script" value=""/>
    <property name="sun.management.compiler" value="HotSpot 64-Bit Tiered Compilers"/>
    <property name="java.runtime.version" value="1.8.0_241-b07"/>
    <property name="user.name" value="Paityn"/>
    <property name="path.separator" value=";"/>
    <property name="os.version" value="10.0"/>
    <property name="java.endorsed.dirs" value="C:\Program Files\Java\jdk1.8.0_241\jre\lib\endorsed"/>
    <property name="java.runtime.name" value="Java(TM) SE Runtime Environment"/>
    <property name="file.encoding" value="Cp1252"/>
    <property name="java.vm.name" value="Java HotSpot(TM) 64-Bit Server VM"/>
    <property name="localRepository" value="C:\Users\Paityn\.m2\repository"/>
    <property name="java.vendor.url.bug" value="http://bugreport.sun.com/bugreport/"/>
    <property name="java.io.tmpdir" value="C:\Users\Paityn\AppData\Local\Temp\"/>
    <property name="java.version" value="1.8.0_241"/>
    <property name="user.dir" value="D:\Revature\2004-apr06-java\Coaster_customer"/>
    <property name="os.arch" value="amd64"/>
    <property name="java.vm.specification.name" value="Java Virtual Machine Specification"/>
    <property name="java.awt.printerjob" value="sun.awt.windows.WPrinterJob"/>
    <property name="sun.os.patch.level" value=""/>
<<<<<<< HEAD
    <property name="java.library.path" value="C:\Program Files\Java\jdk1.8.0_241\jre\bin;C:\WINDOWS\Sun\Java\bin;C:\WINDOWS\system32;C:\WINDOWS;C:\Program Files (x86)\Common Files\Oracle\Java\javapath;C:\Program Files (x86)\NVIDIA Corporation\PhysX\Common;C:\WINDOWS\system32;C:\WINDOWS;C:\WINDOWS\System32\Wbem;C:\WINDOWS\System32\WindowsPowerShell\v1.0\;C:\WINDOWS\System32\OpenSSH\;C:\Program Files\Microsoft SQL Server\Client SDK\ODBC\110\Tools\Binn\;C:\Program Files (x86)\Microsoft SQL Server\120\Tools\Binn\;C:\Program Files\Microsoft SQL Server\120\Tools\Binn\;C:\Program Files\Microsoft SQL Server\120\DTS\Binn\;C:\Program Files (x86)\Windows Kits\8.1\Windows Performance Toolkit\;C:\ProgramData\chocolatey\bin;C:\Program Files\Git\cmd;C:\Users\Paityn\AppData\Local\Microsoft\WindowsApps;C:\Program Files\Java\jdk1.8.0_241\bin;C:\apache-maven-3.6.3\bin;;C:\Users\Paityn\AppData\Local\Programs\Microsoft VS Code\bin;C:\Program Files\JetBrains\IntelliJ IDEA 2020.1\bin;;C:\Users\Paityn\AppData\Local\JetBrains\IntelliJ IDEA Community Edition 2020.1\bin;;C:\Program Files\Docker Toolbox;C:\Program Files\Docker Toolbox;."/>
=======
    <property name="java.library.path" value="C:\Program Files\Java\jdk1.8.0_201\jre\bin;C:\WINDOWS\Sun\Java\bin;C:\WINDOWS\system32;C:\WINDOWS;C:\Program Files (x86)\Common Files\Oracle\Java\javapath;C:\Program Files\Haskell\bin;C:\Program Files\Haskell Platform\8.2.2\lib\extralibs\bin;C:\Program Files\Haskell Platform\8.2.2\bin;C:\ProgramData\Oracle\Java\javapath;C:\WINDOWS\system32;C:\WINDOWS;C:\WINDOWS\System32\Wbem;C:\WINDOWS\System32\WindowsPowerShell\v1.0\;C:\Program Files (x86)\Skype\Phone\;C:\Program Files\Git\cmd;C:\Program Files\nodejs\;C:\Program Files\Haskell Platform\8.2.2\mingw\bin;C:\WINDOWS\System32\OpenSSH\;C:\Program Files (x86)\NVIDIA Corporation\PhysX\Common;C:\Program Files\NVIDIA Corporation\NVIDIA NvDLISR;C:\Program Files\Kubernetes\Minikube;C:\Program Files\Kubernetes;C:\Program Files\JenkinsX;C:\Users\Martinon\AppData\Roaming\cabal\bin;C:\Users\Martinon\AppData\Local\Microsoft\WindowsApps;C:\Users\Martinon\AppData\Local\Programs\MiKTeX 2.9\miktex\bin\x64\;C:\Users\Martinon\AppData\Local\GitHubDesktop\bin;C:\Users\Martinon\AppData\Roaming\npm;C:\Users\Martinon\AppData\Local\Microsoft\WindowsApps;C:\Program Files\MongoDB\Server\4.0\bin;C:\Program Files\apache-maven-3.6.1-bin\apache-maven-3.6.1\bin;C:\Program Files\apache-tomcat-8.5.53\bin;C:\Program Files\Docker Toolbox;;."/>
>>>>>>> a2110d0d94c3224a8a7497a7a2cb235abf7808bc
    <property name="java.vm.info" value="mixed mode"/>
    <property name="java.vendor" value="Oracle Corporation"/>
    <property name="java.vm.version" value="25.241-b07"/>
    <property name="java.ext.dirs" value="C:\Program Files\Java\jdk1.8.0_241\jre\lib\ext;C:\WINDOWS\Sun\Java\lib\ext"/>
    <property name="sun.io.unicode.encoding" value="UnicodeLittle"/>
    <property name="java.class.version" value="52.0"/>
  </properties>
<<<<<<< HEAD
  <testcase name="testSave" classname="TicketTests" time="0.052"/>
  <testcase name="testTicketCreation1" classname="TicketTests" time="0.001"/>
  <testcase name="testTicketCreation2" classname="TicketTests" time="0.001"/>
  <testcase name="testTicketCreationSetters" classname="TicketTests" time="0.001"/>
  <testcase name="testUpdate" classname="TicketTests" time="0.001"/>
=======
  <testcase name="testSave" classname="TicketTests" time="0.018"/>
  <testcase name="testTicketCreation1" classname="TicketTests" time="0.026"/>
  <testcase name="testTicketCreation2" classname="TicketTests" time="0.026"/>
  <testcase name="testTicketCreationSetters" classname="TicketTests" time="0.025"/>
  <testcase name="testUpdate" classname="TicketTests" time="0.018"/>
>>>>>>> a2110d0d94c3224a8a7497a7a2cb235abf7808bc
</testsuite>