<?xml version="1.0" encoding="UTF-8"?>
<testsuite xmlns:xsi="http://www.w3.org/2001/XMLSchema-instance" xsi:noNamespaceSchemaLocation="https://maven.apache.org/surefire/maven-surefire-plugin/xsd/surefire-test-report.xsd" name="AccountTest" time="11.674" tests="5" errors="0" skipped="0" failures="0">
  <properties>
    <property name="sun.desktop" value="windows"/>
    <property name="awt.toolkit" value="sun.awt.windows.WToolkit"/>
    <property name="file.encoding.pkg" value="sun.io"/>
    <property name="java.specification.version" value="1.8"/>
    <property name="sun.cpu.isalist" value="amd64"/>
    <property name="sun.jnu.encoding" value="Cp1252"/>
    <property name="java.class.path" value="C:\Users\Shawy\Documents\Revature\Repository\Project 1\2004-apr06-java\BankingApp\target\test-classes;C:\Users\Shawy\Documents\Revature\Repository\Project 1\2004-apr06-java\BankingApp\target\classes;C:\Users\Shawy\.m2\repository\javax\servlet\javax.servlet-api\3.1.0\javax.servlet-api-3.1.0.jar;C:\Users\Shawy\.m2\repository\javax\javaee-api\6.0\javaee-api-6.0.jar;C:\Users\Shawy\.m2\repository\junit\junit\4.11\junit-4.11.jar;C:\Users\Shawy\.m2\repository\org\hamcrest\hamcrest-core\1.3\hamcrest-core-1.3.jar;C:\Users\Shawy\.m2\repository\org\postgresql\postgresql\42.2.12\postgresql-42.2.12.jar;C:\Users\Shawy\.m2\repository\org\mockito\mockito-core\3.3.3\mockito-core-3.3.3.jar;C:\Users\Shawy\.m2\repository\net\bytebuddy\byte-buddy\1.10.5\byte-buddy-1.10.5.jar;C:\Users\Shawy\.m2\repository\net\bytebuddy\byte-buddy-agent\1.10.5\byte-buddy-agent-1.10.5.jar;C:\Users\Shawy\.m2\repository\org\objenesis\objenesis\2.6\objenesis-2.6.jar;C:\Users\Shawy\.m2\repository\com\sun\xml\ws\jaxws-rt\2.1.4\jaxws-rt-2.1.4.jar;C:\Users\Shawy\.m2\repository\javax\xml\ws\jaxws-api\2.1\jaxws-api-2.1.jar;C:\Users\Shawy\.m2\repository\javax\xml\bind\jaxb-api\2.1\jaxb-api-2.1.jar;C:\Users\Shawy\.m2\repository\com\sun\xml\bind\jaxb-impl\2.1.7\jaxb-impl-2.1.7.jar;C:\Users\Shawy\.m2\repository\com\sun\xml\messaging\saaj\saaj-impl\1.3.1\saaj-impl-1.3.1.jar;C:\Users\Shawy\.m2\repository\javax\xml\soap\saaj-api\1.3\saaj-api-1.3.jar;C:\Users\Shawy\.m2\repository\com\sun\xml\stream\buffer\streambuffer\0.7\streambuffer-0.7.jar;C:\Users\Shawy\.m2\repository\javax\activation\activation\1.1\activation-1.1.jar;C:\Users\Shawy\.m2\repository\com\sun\xml\stream\sjsxp\1.0.1\sjsxp-1.0.1.jar;C:\Users\Shawy\.m2\repository\javax\xml\stream\stax-api\1.0\stax-api-1.0.jar;C:\Users\Shawy\.m2\repository\org\jvnet\staxex\stax-ex\1.2\stax-ex-1.2.jar;C:\Users\Shawy\.m2\repository\com\sun\org\apache\xml\internal\resolver\20050927\resolver-20050927.jar;C:\Users\Shawy\.m2\repository\org\jvnet\mimepull\1.2\mimepull-1.2.jar;C:\Users\Shawy\.m2\repository\org\mortbay\jetty\jetty-util\6.1.25\jetty-util-6.1.25.jar;C:\Users\Shawy\.m2\repository\com\fasterxml\jackson\core\jackson-databind\2.9.9\jackson-databind-2.9.9.jar;C:\Users\Shawy\.m2\repository\com\fasterxml\jackson\core\jackson-annotations\2.9.0\jackson-annotations-2.9.0.jar;C:\Users\Shawy\.m2\repository\com\fasterxml\jackson\core\jackson-core\2.9.9\jackson-core-2.9.9.jar;C:\Users\Shawy\.m2\repository\org\json\json\20190722\json-20190722.jar;"/>
    <property name="java.vm.vendor" value="Oracle Corporation"/>
    <property name="sun.arch.data.model" value="64"/>
    <property name="user.variant" value=""/>
    <property name="java.vendor.url" value="http://java.oracle.com/"/>
    <property name="user.timezone" value="America/Chicago"/>
    <property name="java.vm.specification.version" value="1.8"/>
    <property name="os.name" value="Windows 10"/>
    <property name="user.country" value="US"/>
    <property name="sun.java.launcher" value="SUN_STANDARD"/>
    <property name="sun.boot.library.path" value="C:\Program Files\Java\jdk1.8.0_251\jre\bin"/>
    <property name="sun.java.command" value="C:\Users\Shawy\AppData\Local\Temp\surefire3180078120191701606\surefirebooter9020035081394824805.jar C:\Users\Shawy\AppData\Local\Temp\surefire3180078120191701606 2020-05-07T10-29-18_580-jvmRun1 surefire6719504054307941134tmp surefire_02054898086857653798tmp"/>
    <property name="surefire.test.class.path" value="C:\Users\Shawy\Documents\Revature\Repository\Project 1\2004-apr06-java\BankingApp\target\test-classes;C:\Users\Shawy\Documents\Revature\Repository\Project 1\2004-apr06-java\BankingApp\target\classes;C:\Users\Shawy\.m2\repository\javax\servlet\javax.servlet-api\3.1.0\javax.servlet-api-3.1.0.jar;C:\Users\Shawy\.m2\repository\javax\javaee-api\6.0\javaee-api-6.0.jar;C:\Users\Shawy\.m2\repository\junit\junit\4.11\junit-4.11.jar;C:\Users\Shawy\.m2\repository\org\hamcrest\hamcrest-core\1.3\hamcrest-core-1.3.jar;C:\Users\Shawy\.m2\repository\org\postgresql\postgresql\42.2.12\postgresql-42.2.12.jar;C:\Users\Shawy\.m2\repository\org\mockito\mockito-core\3.3.3\mockito-core-3.3.3.jar;C:\Users\Shawy\.m2\repository\net\bytebuddy\byte-buddy\1.10.5\byte-buddy-1.10.5.jar;C:\Users\Shawy\.m2\repository\net\bytebuddy\byte-buddy-agent\1.10.5\byte-buddy-agent-1.10.5.jar;C:\Users\Shawy\.m2\repository\org\objenesis\objenesis\2.6\objenesis-2.6.jar;C:\Users\Shawy\.m2\repository\com\sun\xml\ws\jaxws-rt\2.1.4\jaxws-rt-2.1.4.jar;C:\Users\Shawy\.m2\repository\javax\xml\ws\jaxws-api\2.1\jaxws-api-2.1.jar;C:\Users\Shawy\.m2\repository\javax\xml\bind\jaxb-api\2.1\jaxb-api-2.1.jar;C:\Users\Shawy\.m2\repository\com\sun\xml\bind\jaxb-impl\2.1.7\jaxb-impl-2.1.7.jar;C:\Users\Shawy\.m2\repository\com\sun\xml\messaging\saaj\saaj-impl\1.3.1\saaj-impl-1.3.1.jar;C:\Users\Shawy\.m2\repository\javax\xml\soap\saaj-api\1.3\saaj-api-1.3.jar;C:\Users\Shawy\.m2\repository\com\sun\xml\stream\buffer\streambuffer\0.7\streambuffer-0.7.jar;C:\Users\Shawy\.m2\repository\javax\activation\activation\1.1\activation-1.1.jar;C:\Users\Shawy\.m2\repository\com\sun\xml\stream\sjsxp\1.0.1\sjsxp-1.0.1.jar;C:\Users\Shawy\.m2\repository\javax\xml\stream\stax-api\1.0\stax-api-1.0.jar;C:\Users\Shawy\.m2\repository\org\jvnet\staxex\stax-ex\1.2\stax-ex-1.2.jar;C:\Users\Shawy\.m2\repository\com\sun\org\apache\xml\internal\resolver\20050927\resolver-20050927.jar;C:\Users\Shawy\.m2\repository\org\jvnet\mimepull\1.2\mimepull-1.2.jar;C:\Users\Shawy\.m2\repository\org\mortbay\jetty\jetty-util\6.1.25\jetty-util-6.1.25.jar;C:\Users\Shawy\.m2\repository\com\fasterxml\jackson\core\jackson-databind\2.9.9\jackson-databind-2.9.9.jar;C:\Users\Shawy\.m2\repository\com\fasterxml\jackson\core\jackson-annotations\2.9.0\jackson-annotations-2.9.0.jar;C:\Users\Shawy\.m2\repository\com\fasterxml\jackson\core\jackson-core\2.9.9\jackson-core-2.9.9.jar;C:\Users\Shawy\.m2\repository\org\json\json\20190722\json-20190722.jar;"/>
    <property name="sun.cpu.endian" value="little"/>
    <property name="user.home" value="C:\Users\Shawy"/>
    <property name="user.language" value="en"/>
    <property name="java.specification.vendor" value="Oracle Corporation"/>
    <property name="java.home" value="C:\Program Files\Java\jdk1.8.0_251\jre"/>
    <property name="basedir" value="C:\Users\Shawy\Documents\Revature\Repository\Project 1\2004-apr06-java\BankingApp"/>
    <property name="file.separator" value="\"/>
    <property name="line.separator" value="&#10;"/>
    <property name="java.vm.specification.vendor" value="Oracle Corporation"/>
    <property name="java.specification.name" value="Java Platform API Specification"/>
    <property name="java.awt.graphicsenv" value="sun.awt.Win32GraphicsEnvironment"/>
    <property name="surefire.real.class.path" value="C:\Users\Shawy\AppData\Local\Temp\surefire3180078120191701606\surefirebooter9020035081394824805.jar"/>
    <property name="sun.boot.class.path" value="C:\Program Files\Java\jdk1.8.0_251\jre\lib\resources.jar;C:\Program Files\Java\jdk1.8.0_251\jre\lib\rt.jar;C:\Program Files\Java\jdk1.8.0_251\jre\lib\sunrsasign.jar;C:\Program Files\Java\jdk1.8.0_251\jre\lib\jsse.jar;C:\Program Files\Java\jdk1.8.0_251\jre\lib\jce.jar;C:\Program Files\Java\jdk1.8.0_251\jre\lib\charsets.jar;C:\Program Files\Java\jdk1.8.0_251\jre\lib\jfr.jar;C:\Program Files\Java\jdk1.8.0_251\jre\classes"/>
    <property name="user.script" value=""/>
    <property name="sun.management.compiler" value="HotSpot 64-Bit Tiered Compilers"/>
    <property name="java.runtime.version" value="1.8.0_251-b08"/>
    <property name="user.name" value="Shawy"/>
    <property name="path.separator" value=";"/>
    <property name="os.version" value="10.0"/>
    <property name="java.endorsed.dirs" value="C:\Program Files\Java\jdk1.8.0_251\jre\lib\endorsed"/>
    <property name="java.runtime.name" value="Java(TM) SE Runtime Environment"/>
    <property name="file.encoding" value="Cp1252"/>
    <property name="java.vm.name" value="Java HotSpot(TM) 64-Bit Server VM"/>
    <property name="localRepository" value="C:\Users\Shawy\.m2\repository"/>
    <property name="java.vendor.url.bug" value="http://bugreport.sun.com/bugreport/"/>
    <property name="java.io.tmpdir" value="C:\Users\Shawy\AppData\Local\Temp\"/>
    <property name="java.version" value="1.8.0_251"/>
    <property name="user.dir" value="C:\Users\Shawy\Documents\Revature\Repository\Project 1\2004-apr06-java\BankingApp"/>
    <property name="os.arch" value="amd64"/>
    <property name="java.vm.specification.name" value="Java Virtual Machine Specification"/>
    <property name="java.awt.printerjob" value="sun.awt.windows.WPrinterJob"/>
    <property name="sun.os.patch.level" value=""/>
    <property name="idea.version2019.3.4" value="true"/>
    <property name="java.library.path" value="C:\Program Files\Java\jdk1.8.0_251\jre\bin;C:\WINDOWS\Sun\Java\bin;C:\WINDOWS\system32;C:\WINDOWS;C:\Program Files (x86)\Common Files\Oracle\Java\javapath;C:\WINDOWS\system32;C:\WINDOWS;C:\WINDOWS\System32\Wbem;C:\WINDOWS\System32\WindowsPowerShell\v1.0\;C:\WINDOWS\System32\OpenSSH\;C:\Program Files\dotnet\;C:\Program Files\Microsoft SQL Server\130\Tools\Binn\;C:\Program Files\Git\cmd;C:\ProgramData\chocolatey\bin;C:\Apache Maven\apache-maven-3.6.3-bin\apache-maven-3.6.3\bin;C:\Program Files\Docker\Docker\resources\bin;C:\ProgramData\DockerDesktop\version-bin;C:\kubernetes\kubectl.exe;C:\Users\Shawy\AppData\Local\Microsoft\WindowsApps;C:\Users\Shawy\AppData\Local\GitHubDesktop\bin;C:\Users\Shawy\AppData\Local\Microsoft\WindowsApps;C:\Users\Shawy\AppData\Local\Programs\Microsoft VS Code\bin;C:\OpenJDK\java-se-8u41-ri\bin;;."/>
    <property name="java.vm.info" value="mixed mode"/>
    <property name="java.vendor" value="Oracle Corporation"/>
    <property name="java.vm.version" value="25.251-b08"/>
    <property name="java.ext.dirs" value="C:\Program Files\Java\jdk1.8.0_251\jre\lib\ext;C:\WINDOWS\Sun\Java\lib\ext"/>
    <property name="sun.io.unicode.encoding" value="UnicodeLittle"/>
    <property name="java.class.version" value="52.0"/>
  </properties>
  <testcase name="accountDelete" classname="AccountTest" time="4.622"/>
  <testcase name="findAllAccount" classname="AccountTest" time="0.94"/>
  <testcase name="accountUpdate" classname="AccountTest" time="1.906"/>
  <testcase name="accountSave" classname="AccountTest" time="2.033"/>
  <testcase name="accountTransfer" classname="AccountTest" time="2.015"/>
</testsuite>